Nvectensis.XP_032222766.1
Nvectensis.XP_032230968.1
Dgigantea.XP_028399538.1
Myessoensis.XP_021366395.1
Bbelcheri.XP_019623785.1
Aplanci.XP_022079781.1
Bbelcheri.XP_019635082.1
Hvulgaris.XP_002159375.3
Hsapiens.NP_002202.2
Nvectensis.XP_032218281.1
Bbelcheri.XP_019615353.1
Aplanci.XP_022079796.1
Hsapiens.NP_000202.3
Hvulgaris.XP_012561761.1
Hsapiens.NP_000879.2
Hsapiens.NP_000203.2
Hsapiens.NP_002204.2
Aplanci.XP_022083289.1
Hsapiens.NP_000880.1
Dgigantea.XP_028397583.1
Nvectensis.XP_032224682.1
Dgigantea.XP_028399504.1
Dgigantea.XP_028399547.1
Myessoensis.XP_021366399.1
Nvectensis.XP_032218900.1
Bbelcheri.XP_019635075.1
Hsapiens.NP_000204.3
Hsapiens.NP_002205.1
Hvulgaris.XP_012556143.1
Dgigantea.XP_028399622.1
Bbelcheri.XP_019644417.1
Bbelcheri.XP_019644414.1
Nvectensis.XP_032227253.1
Bbelcheri.XP_019639141.1
Myessoensis.XP_021365423.1
Bbelcheri.XP_019628305.1
Myessoensis.XP_021360936.1
